TN:
SF:src/api/ai.js
FN:22,(anonymous_0)
FN:45,(anonymous_1)
FN:57,(anonymous_2)
FN:58,(anonymous_3)
FN:65,(anonymous_4)
FN:263,(anonymous_5)
FN:269,(anonymous_6)
FN:281,(anonymous_7)
FN:298,(anonymous_8)
FN:310,(anonymous_9)
FN:332,(anonymous_10)
FN:364,(anonymous_11)
FN:400,(anonymous_12)
FN:426,(anonymous_13)
FNF:14
FNH:0
FNDA:0,(anonymous_0)
FNDA:0,(anonymous_1)
FNDA:0,(anonymous_2)
FNDA:0,(anonymous_3)
FNDA:0,(anonymous_4)
FNDA:0,(anonymous_5)
FNDA:0,(anonymous_6)
FNDA:0,(anonymous_7)
FNDA:0,(anonymous_8)
FNDA:0,(anonymous_9)
FNDA:0,(anonymous_10)
FNDA:0,(anonymous_11)
FNDA:0,(anonymous_12)
FNDA:0,(anonymous_13)
DA:1,0
DA:2,0
DA:3,0
DA:4,0
DA:5,0
DA:6,0
DA:7,0
DA:8,0
DA:9,0
DA:10,0
DA:11,0
DA:12,0
DA:13,0
DA:14,0
DA:16,0
DA:22,0
DA:23,0
DA:24,0
DA:26,0
DA:27,0
DA:31,0
DA:32,0
DA:38,0
DA:39,0
DA:41,0
DA:44,0
DA:45,0
DA:48,0
DA:49,0
DA:50,0
DA:56,0
DA:57,0
DA:58,0
DA:65,0
DA:77,0
DA:79,0
DA:81,0
DA:83,0
DA:89,0
DA:90,0
DA:93,0
DA:95,0
DA:96,0
DA:102,0
DA:103,0
DA:106,0
DA:108,0
DA:111,0
DA:112,0
DA:118,0
DA:119,0
DA:121,0
DA:123,0
DA:127,0
DA:128,0
DA:136,0
DA:137,0
DA:138,0
DA:143,0
DA:146,0
DA:150,0
DA:162,0
DA:163,0
DA:167,0
DA:178,0
DA:179,0
DA:187,0
DA:190,0
DA:196,0
DA:204,0
DA:211,0
DA:220,0
DA:225,0
DA:234,0
DA:235,0
DA:240,0
DA:241,0
DA:247,0
DA:254,0
DA:255,0
DA:263,0
DA:264,0
DA:265,0
DA:266,0
DA:268,0
DA:269,0
DA:272,0
DA:273,0
DA:281,0
DA:282,0
DA:283,0
DA:284,0
DA:286,0
DA:287,0
DA:290,0
DA:291,0
DA:294,0
DA:296,0
DA:298,0
DA:301,0
DA:302,0
DA:310,0
DA:311,0
DA:312,0
DA:313,0
DA:315,0
DA:316,0
DA:319,0
DA:323,0
DA:324,0
DA:332,0
DA:333,0
DA:334,0
DA:336,0
DA:337,0
DA:342,0
DA:349,0
DA:355,0
DA:356,0
DA:364,0
DA:365,0
DA:366,0
DA:368,0
DA:369,0
DA:374,0
DA:382,0
DA:391,0
DA:392,0
DA:400,0
DA:401,0
DA:402,0
DA:404,0
DA:411,0
DA:417,0
DA:418,0
DA:426,0
DA:427,0
DA:428,0
DA:430,0
DA:439,0
DA:440,0
DA:444,0
LF:142
LH:0
BRDA:24,0,0,0
BRDA:26,1,0,0
BRDA:26,1,1,0
BRDA:26,2,0,0
BRDA:26,2,1,0
BRDA:26,2,2,0
BRDA:31,3,0,0
BRDA:31,3,1,0
BRDA:39,4,0,0
BRDA:39,4,1,0
BRDA:39,5,0,0
BRDA:39,5,1,0
BRDA:39,5,2,0
BRDA:45,6,0,0
BRDA:45,6,1,0
BRDA:93,7,0,0
BRDA:93,7,1,0
BRDA:93,7,2,0
BRDA:93,7,3,0
BRDA:93,7,4,0
BRDA:93,7,5,0
BRDA:102,8,0,0
BRDA:102,8,1,0
BRDA:118,9,0,0
BRDA:118,9,1,0
BRDA:131,10,0,0
BRDA:131,10,1,0
BRDA:132,11,0,0
BRDA:132,11,1,0
BRDA:133,12,0,0
BRDA:133,12,1,0
BRDA:137,13,0,0
BRDA:137,13,1,0
BRDA:137,14,0,0
BRDA:137,14,1,0
BRDA:157,15,0,0
BRDA:157,15,1,0
BRDA:157,15,2,0
BRDA:158,16,0,0
BRDA:158,16,1,0
BRDA:159,17,0,0
BRDA:159,17,1,0
BRDA:173,18,0,0
BRDA:173,18,1,0
BRDA:173,18,2,0
BRDA:174,19,0,0
BRDA:174,19,1,0
BRDA:175,20,0,0
BRDA:175,20,1,0
BRDA:187,21,0,0
BRDA:187,21,1,0
BRDA:229,22,0,0
BRDA:229,22,1,0
BRDA:230,23,0,0
BRDA:230,23,1,0
BRDA:240,24,0,0
BRDA:240,24,1,0
BRDA:249,25,0,0
BRDA:249,25,1,0
BRDA:265,26,0,0
BRDA:265,26,1,0
BRDA:286,27,0,0
BRDA:286,27,1,0
BRDA:290,28,0,0
BRDA:290,28,1,0
BRDA:315,29,0,0
BRDA:315,29,1,0
BRDA:336,30,0,0
BRDA:336,30,1,0
BRDA:336,31,0,0
BRDA:336,31,1,0
BRDA:366,32,0,0
BRDA:368,33,0,0
BRDA:368,33,1,0
BRDA:368,34,0,0
BRDA:368,34,1,0
BRDA:379,35,0,0
BRDA:379,35,1,0
BRDA:402,36,0,0
BRDA:402,37,0,0
BRDA:432,38,0,0
BRDA:432,38,1,0
BRDA:433,39,0,0
BRDA:433,39,1,0
BRDA:434,40,0,0
BRDA:434,40,1,0
BRF:86
BRH:0
end_of_record
TN:
SF:src/api/auth.js
FN:10,(anonymous_0)
FN:37,(anonymous_1)
FN:68,(anonymous_2)
FN:95,(anonymous_3)
FN:107,(anonymous_4)
FN:121,(anonymous_5)
FNF:6
FNH:4
FNDA:3,(anonymous_0)
FNDA:3,(anonymous_1)
FNDA:4,(anonymous_2)
FNDA:0,(anonymous_3)
FNDA:0,(anonymous_4)
FNDA:1,(anonymous_5)
DA:1,1
DA:2,1
DA:3,1
DA:4,1
DA:5,1
DA:7,1
DA:10,1
DA:11,3
DA:12,3
DA:15,3
DA:16,2
DA:17,1
DA:21,1
DA:22,1
DA:24,1
DA:31,1
DA:32,1
DA:37,1
DA:38,3
DA:39,3
DA:42,3
DA:43,3
DA:44,1
DA:48,2
DA:49,2
DA:50,1
DA:53,1
DA:55,1
DA:62,0
DA:63,0
DA:68,1
DA:69,4
DA:70,4
DA:72,4
DA:73,1
DA:76,3
DA:77,2
DA:79,2
DA:80,1
DA:83,1
DA:85,1
DA:90,1
DA:95,1
DA:96,0
DA:97,0
DA:101,0
DA:102,0
DA:107,1
DA:108,0
DA:109,0
DA:110,0
DA:115,0
DA:116,0
DA:121,1
DA:122,1
DA:125,1
LF:56
LH:45
BRDA:16,0,0,1
BRDA:16,0,1,1
BRDA:43,1,0,1
BRDA:43,1,1,2
BRDA:49,2,0,1
BRDA:49,2,1,1
BRDA:72,3,0,1
BRDA:72,3,1,3
BRDA:79,4,0,1
BRDA:79,4,1,1
BRF:10
BRH:10
end_of_record
TN:
SF:src/api/calendars.js
FN:9,(anonymous_0)
FN:13,(anonymous_1)
FN:22,(anonymous_2)
FN:41,(anonymous_3)
FN:65,(anonymous_4)
FN:87,(anonymous_5)
FNF:6
FNH:0
FNDA:0,(anonymous_0)
FNDA:0,(anonymous_1)
FNDA:0,(anonymous_2)
FNDA:0,(anonymous_3)
FNDA:0,(anonymous_4)
FNDA:0,(anonymous_5)
DA:1,0
DA:2,0
DA:3,0
DA:4,0
DA:6,0
DA:9,0
DA:10,0
DA:11,0
DA:12,0
DA:13,0
DA:16,0
DA:17,0
DA:22,0
DA:23,0
DA:24,0
DA:25,0
DA:27,0
DA:28,0
DA:31,0
DA:35,0
DA:36,0
DA:41,0
DA:42,0
DA:43,0
DA:45,0
DA:52,0
DA:57,0
DA:58,0
DA:65,0
DA:66,0
DA:67,0
DA:68,0
DA:70,0
DA:71,0
DA:74,0
DA:76,0
DA:81,0
DA:82,0
DA:87,0
DA:88,0
DA:89,0
DA:90,0
DA:92,0
DA:93,0
DA:96,0
DA:98,0
DA:102,0
DA:103,0
DA:107,0
LF:49
LH:0
BRDA:27,0,0,0
BRDA:27,0,1,0
BRDA:43,1,0,0
BRDA:48,2,0,0
BRDA:48,2,1,0
BRDA:59,3,0,0
BRDA:59,3,1,0
BRDA:70,4,0,0
BRDA:70,4,1,0
BRDA:92,5,0,0
BRDA:92,5,1,0
BRF:11
BRH:0
end_of_record
TN:
SF:src/api/events.js
FN:10,(anonymous_0)
FN:34,(anonymous_1)
FN:43,(anonymous_2)
FN:62,(anonymous_3)
FN:88,(anonymous_4)
FN:118,(anonymous_5)
FN:139,(anonymous_6)
FNF:7
FNH:0
FNDA:0,(anonymous_0)
FNDA:0,(anonymous_1)
FNDA:0,(anonymous_2)
FNDA:0,(anonymous_3)
FNDA:0,(anonymous_4)
FNDA:0,(anonymous_5)
FNDA:0,(anonymous_6)
DA:1,0
DA:2,0
DA:3,0
DA:4,0
DA:5,0
DA:7,0
DA:10,0
DA:11,0
DA:12,0
DA:14,0
DA:15,0
DA:21,0
DA:23,0
DA:24,0
DA:25,0
DA:27,0
DA:30,0
DA:33,0
DA:34,0
DA:37,0
DA:38,0
DA:43,0
DA:44,0
DA:45,0
DA:46,0
DA:48,0
DA:49,0
DA:52,0
DA:56,0
DA:57,0
DA:62,0
DA:63,0
DA:64,0
DA:67,0
DA:68,0
DA:69,0
DA:72,0
DA:77,0
DA:82,0
DA:83,0
DA:88,0
DA:89,0
DA:90,0
DA:91,0
DA:93,0
DA:94,0
DA:98,0
DA:99,0
DA:100,0
DA:101,0
DA:105,0
DA:107,0
DA:112,0
DA:113,0
DA:118,0
DA:119,0
DA:120,0
DA:121,0
DA:123,0
DA:124,0
DA:127,0
DA:129,0
DA:133,0
DA:134,0
DA:139,0
DA:140,0
DA:141,0
DA:142,0
DA:144,0
DA:145,0
DA:149,0
DA:161,0
DA:166,0
DA:167,0
DA:171,0
LF:75
LH:0
BRDA:14,0,0,0
BRDA:14,0,1,0
BRDA:14,1,0,0
BRDA:14,1,1,0
BRDA:21,2,0,0
BRDA:21,2,1,0
BRDA:24,3,0,0
BRDA:24,3,1,0
BRDA:48,4,0,0
BRDA:48,4,1,0
BRDA:68,5,0,0
BRDA:68,5,1,0
BRDA:93,6,0,0
BRDA:93,6,1,0
BRDA:98,7,0,0
BRDA:98,7,1,0
BRDA:98,8,0,0
BRDA:98,8,1,0
BRDA:100,9,0,0
BRDA:100,9,1,0
BRDA:123,10,0,0
BRDA:123,10,1,0
BRDA:144,11,0,0
BRDA:144,11,1,0
BRF:24
BRH:0
end_of_record
TN:
SF:src/api/organizations.js
FN:14,(anonymous_0)
FN:27,(anonymous_1)
FN:30,(anonymous_2)
FN:38,(anonymous_3)
FN:52,(anonymous_4)
FN:65,(anonymous_5)
FNF:6
FNH:0
FNDA:0,(anonymous_0)
FNDA:0,(anonymous_1)
FNDA:0,(anonymous_2)
FNDA:0,(anonymous_3)
FNDA:0,(anonymous_4)
FNDA:0,(anonymous_5)
DA:1,0
DA:2,0
DA:3,0
DA:4,0
DA:5,0
DA:6,0
DA:7,0
DA:8,0
DA:9,0
DA:11,0
DA:14,0
DA:15,0
DA:16,0
DA:17,0
DA:18,0
DA:19,0
DA:21,0
DA:22,0
DA:27,0
DA:28,0
DA:29,0
DA:30,0
DA:32,0
DA:33,0
DA:38,0
DA:39,0
DA:40,0
DA:41,0
DA:42,0
DA:43,0
DA:44,0
DA:46,0
DA:47,0
DA:52,0
DA:53,0
DA:54,0
DA:55,0
DA:56,0
DA:57,0
DA:59,0
DA:60,0
DA:65,0
DA:66,0
DA:67,0
DA:68,0
DA:69,0
DA:70,0
DA:71,0
DA:73,0
DA:75,0
DA:76,0
DA:80,0
LF:52
LH:0
BRDA:42,0,0,0
BRDA:42,0,1,0
BRDA:68,1,0,0
BRF:3
BRH:0
end_of_record
TN:
SF:src/api/tasks.js
FN:9,(anonymous_0)
FN:18,(anonymous_1)
FN:22,(anonymous_2)
FN:31,(anonymous_3)
FN:50,(anonymous_4)
FN:70,(anonymous_5)
FN:94,(anonymous_6)
FNF:7
FNH:0
FNDA:0,(anonymous_0)
FNDA:0,(anonymous_1)
FNDA:0,(anonymous_2)
FNDA:0,(anonymous_3)
FNDA:0,(anonymous_4)
FNDA:0,(anonymous_5)
FNDA:0,(anonymous_6)
DA:1,0
DA:2,0
DA:3,0
DA:4,0
DA:6,0
DA:9,0
DA:10,0
DA:11,0
DA:18,0
DA:20,0
DA:21,0
DA:22,0
DA:25,0
DA:26,0
DA:31,0
DA:32,0
DA:33,0
DA:34,0
DA:36,0
DA:37,0
DA:40,0
DA:44,0
DA:45,0
DA:50,0
DA:51,0
DA:52,0
DA:57,0
DA:62,0
DA:63,0
DA:70,0
DA:71,0
DA:72,0
DA:73,0
DA:75,0
DA:76,0
DA:79,0
DA:81,0
DA:86,0
DA:87,0
DA:94,0
DA:95,0
DA:96,0
DA:97,0
DA:99,0
DA:100,0
DA:103,0
DA:105,0
DA:109,0
DA:110,0
DA:114,0
LF:50
LH:0
BRDA:18,0,0,0
BRDA:18,0,1,0
BRDA:36,1,0,0
BRDA:36,1,1,0
BRDA:64,2,0,0
BRDA:64,2,1,0
BRDA:75,3,0,0
BRDA:75,3,1,0
BRDA:88,4,0,0
BRDA:88,4,1,0
BRDA:99,5,0,0
BRDA:99,5,1,0
BRF:12
BRH:0
end_of_record
TN:
SF:src/config/database.js
FN:13,(anonymous_0)
FN:17,(anonymous_1)
FN:23,(anonymous_2)
FN:40,(anonymous_3)
FN:45,(anonymous_4)
FNF:5
FNH:0
FNDA:0,(anonymous_0)
FNDA:0,(anonymous_1)
FNDA:0,(anonymous_2)
FNDA:0,(anonymous_3)
FNDA:0,(anonymous_4)
DA:1,7
DA:2,7
DA:4,7
DA:13,7
DA:14,0
DA:17,7
DA:18,0
DA:19,0
DA:23,7
DA:24,0
DA:25,0
DA:26,0
DA:27,0
DA:28,0
DA:31,0
DA:39,0
DA:40,0
DA:44,0
DA:45,0
DA:48,0
DA:49,0
DA:51,0
DA:52,0
DA:53,0
DA:58,0
DA:59,0
DA:60,0
DA:61,0
DA:62,0
DA:63,0
DA:65,0
DA:66,0
DA:69,0
DA:73,0
DA:75,0
DA:76,0
DA:78,0
DA:82,7
LF:38
LH:7
BRDA:6,0,0,0
BRDA:6,0,1,7
BRDA:51,1,0,0
BRDA:51,1,1,0
BRF:4
BRH:1
end_of_record
TN:
SF:src/middleware/auth.js
FN:4,(anonymous_0)
FN:27,(anonymous_1)
FNF:2
FNH:0
FNDA:0,(anonymous_0)
FNDA:0,(anonymous_1)
DA:1,1
DA:2,1
DA:4,1
DA:5,0
DA:6,0
DA:7,0
DA:9,0
DA:10,0
DA:13,0
DA:14,0
DA:16,0
DA:17,0
DA:20,0
DA:21,0
DA:23,0
DA:27,1
DA:28,0
DA:29,0
DA:30,0
DA:32,0
DA:33,0
DA:34,0
DA:35,0
DA:36,0
DA:39,0
DA:42,0
DA:46,1
LF:27
LH:5
BRDA:7,0,0,0
BRDA:7,0,1,0
BRDA:9,1,0,0
BRDA:9,1,1,0
BRDA:16,2,0,0
BRDA:16,2,1,0
BRDA:30,3,0,0
BRDA:30,3,1,0
BRDA:32,4,0,0
BRDA:32,4,1,0
BRDA:35,5,0,0
BRDA:35,5,1,0
BRF:12
BRH:0
end_of_record
TN:
SF:src/middleware/permissions.js
FN:3,requireOrgAdmin
FNF:1
FNH:0
FNDA:0,requireOrgAdmin
DA:1,0
DA:4,0
DA:5,0
DA:6,0
DA:7,0
DA:9,0
DA:10,0
DA:11,0
DA:13,0
DA:15,0
DA:16,0
DA:20,0
LF:12
LH:0
BRDA:5,0,0,0
BRDA:5,0,1,0
BRDA:6,1,0,0
BRDA:6,1,1,0
BRDA:10,2,0,0
BRDA:10,2,1,0
BRF:6
BRH:0
end_of_record
TN:
SF:src/middleware/validation.js
FN:3,(anonymous_0)
FN:4,(anonymous_1)
FN:10,(anonymous_2)
FNF:3
FNH:3
FNDA:3,(anonymous_0)
FNDA:7,(anonymous_1)
FNDA:1,(anonymous_2)
DA:1,1
DA:3,1
DA:4,3
DA:5,7
DA:7,7
DA:8,1
DA:10,1
DA:14,6
DA:15,6
DA:20,1
DA:26,1
DA:31,1
DA:37,1
DA:43,1
DA:50,1
DA:70,1
DA:90,1
LF:17
LH:17
BRDA:7,0,0,1
BRDA:7,0,1,6
BRF:2
BRH:2
end_of_record
TN:
SF:src/models/AIConversation.js
FN:4,(anonymous_0)
FN:15,(anonymous_1)
FN:30,(anonymous_2)
FN:44,(anonymous_3)
FN:53,(anonymous_4)
FN:59,(anonymous_5)
FN:78,(anonymous_6)
FN:96,(anonymous_7)
FN:111,(anonymous_8)
FN:117,(anonymous_9)
FNF:10
FNH:0
FNDA:0,(anonymous_0)
FNDA:0,(anonymous_1)
FNDA:0,(anonymous_2)
FNDA:0,(anonymous_3)
FNDA:0,(anonymous_4)
FNDA:0,(anonymous_5)
FNDA:0,(anonymous_6)
FNDA:0,(anonymous_7)
FNDA:0,(anonymous_8)
FNDA:0,(anonymous_9)
DA:1,0
DA:5,0
DA:6,0
DA:7,0
DA:8,0
DA:9,0
DA:10,0
DA:11,0
DA:12,0
DA:16,0
DA:21,0
DA:22,0
DA:23,0
DA:24,0
DA:31,0
DA:35,0
DA:36,0
DA:37,0
DA:38,0
DA:45,0
DA:52,0
DA:53,0
DA:61,0
DA:69,0
DA:70,0
DA:71,0
DA:72,0
DA:79,0
DA:87,0
DA:88,0
DA:89,0
DA:90,0
DA:97,0
DA:105,0
DA:106,0
DA:107,0
DA:108,0
DA:112,0
DA:113,0
DA:114,0
DA:118,0
DA:131,0
LF:42
LH:0
BRDA:8,0,0,0
BRDA:8,0,1,0
BRDA:9,1,0,0
BRDA:9,1,1,0
BRDA:15,2,0,0
BRDA:15,3,0,0
BRDA:26,4,0,0
BRDA:26,4,1,0
BRDA:36,5,0,0
BRDA:36,5,1,0
BRDA:40,6,0,0
BRDA:40,6,1,0
BRDA:44,7,0,0
BRDA:55,8,0,0
BRDA:55,8,1,0
BRDA:70,9,0,0
BRDA:70,9,1,0
BRDA:74,10,0,0
BRDA:74,10,1,0
BRDA:87,11,0,0
BRDA:87,11,1,0
BRDA:92,12,0,0
BRDA:92,12,1,0
BRF:23
BRH:0
end_of_record
TN:
SF:src/models/AIMessage.js
FN:4,(anonymous_0)
FN:14,(anonymous_1)
FN:35,(anonymous_2)
FN:44,(anonymous_3)
FN:50,(anonymous_4)
FN:59,(anonymous_5)
FN:65,(anonymous_6)
FN:78,(anonymous_7)
FNF:8
FNH:0
FNDA:0,(anonymous_0)
FNDA:0,(anonymous_1)
FNDA:0,(anonymous_2)
FNDA:0,(anonymous_3)
FNDA:0,(anonymous_4)
FNDA:0,(anonymous_5)
FNDA:0,(anonymous_6)
FNDA:0,(anonymous_7)
DA:1,0
DA:5,0
DA:6,0
DA:7,0
DA:8,0
DA:9,0
DA:10,0
DA:11,0
DA:15,0
DA:20,0
DA:27,0
DA:28,0
DA:29,0
DA:36,0
DA:43,0
DA:44,0
DA:51,0
DA:58,0
DA:59,0
DA:66,0
DA:79,0
DA:86,0
LF:22
LH:0
BRDA:9,0,0,0
BRDA:9,0,1,0
BRDA:14,1,0,0
BRDA:14,2,0,0
BRDA:31,3,0,0
BRDA:31,3,1,0
BRDA:35,4,0,0
BRDA:46,5,0,0
BRDA:46,5,1,0
BRDA:50,6,0,0
BRDA:61,7,0,0
BRDA:61,7,1,0
BRF:12
BRH:0
end_of_record
TN:
SF:src/models/Calendar.js
FN:4,(anonymous_0)
FN:14,(anonymous_1)
FN:34,(anonymous_2)
FN:41,(anonymous_3)
FN:44,(anonymous_4)
FN:53,(anonymous_5)
FN:64,(anonymous_6)
FN:87,(anonymous_7)
FN:93,(anonymous_8)
FNF:9
FNH:9
FNDA:10,(anonymous_0)
FNDA:2,(anonymous_1)
FNDA:1,(anonymous_2)
FNDA:2,(anonymous_3)
FNDA:2,(anonymous_4)
FNDA:1,(anonymous_5)
FNDA:1,(anonymous_6)
FNDA:1,(anonymous_7)
FNDA:1,(anonymous_8)
DA:1,3
DA:5,10
DA:6,10
DA:7,10
DA:8,10
DA:9,10
DA:10,10
DA:11,10
DA:16,2
DA:17,1
DA:23,2
DA:28,2
DA:30,2
DA:31,2
DA:35,1
DA:40,1
DA:41,2
DA:45,2
DA:49,2
DA:50,2
DA:54,1
DA:60,1
DA:61,1
DA:66,1
DA:67,0
DA:73,1
DA:82,1
DA:83,1
DA:84,1
DA:88,1
DA:89,1
DA:90,1
DA:94,1
DA:106,3
LF:34
LH:33
BRDA:14,0,0,1
BRDA:14,1,0,1
BRDA:16,2,0,1
BRDA:16,2,1,1
BRDA:50,3,0,1
BRDA:50,3,1,1
BRDA:61,4,0,1
BRDA:61,4,1,0
BRDA:66,5,0,0
BRDA:66,5,1,1
BRF:10
BRH:8
end_of_record
TN:
SF:src/models/Event.js
FN:4,(anonymous_0)
FN:21,(anonymous_1)
FN:53,(anonymous_2)
FN:66,(anonymous_3)
FN:69,(anonymous_4)
FN:83,(anonymous_5)
FN:86,(anonymous_6)
FN:99,(anonymous_7)
FN:113,(anonymous_8)
FN:155,(anonymous_9)
FN:161,(anonymous_10)
FNF:11
FNH:10
FNDA:10,(anonymous_0)
FNDA:2,(anonymous_1)
FNDA:1,(anonymous_2)
FNDA:1,(anonymous_3)
FNDA:1,(anonymous_4)
FNDA:1,(anonymous_5)
FNDA:2,(anonymous_6)
FNDA:0,(anonymous_7)
FNDA:1,(anonymous_8)
FNDA:1,(anonymous_9)
FNDA:2,(anonymous_10)
DA:1,4
DA:5,10
DA:6,10
DA:7,10
DA:8,10
DA:9,10
DA:10,10
DA:11,10
DA:12,10
DA:13,10
DA:14,10
DA:15,10
DA:16,10
DA:17,10
DA:18,10
DA:32,2
DA:37,2
DA:49,2
DA:50,2
DA:54,1
DA:65,1
DA:66,1
DA:70,1
DA:82,1
DA:83,1
DA:87,2
DA:95,2
DA:96,2
DA:100,0
DA:109,0
DA:110,0
DA:124,1
DA:139,1
DA:151,1
DA:152,1
DA:156,1
DA:157,1
DA:158,1
DA:162,2
DA:181,4
LF:40
LH:37
BRDA:27,0,0,1
BRDA:45,1,0,1
BRDA:45,1,1,1
BRDA:46,2,0,1
BRDA:46,2,1,1
BRDA:96,3,0,1
BRDA:96,3,1,1
BRDA:110,4,0,0
BRDA:110,4,1,0
BRDA:147,5,0,0
BRDA:147,5,1,1
BRDA:148,6,0,0
BRDA:148,6,1,1
BRF:13
BRH:9
end_of_record
TN:
SF:src/models/Invitation.js
FN:4,(anonymous_0)
FN:16,(anonymous_1)
FN:26,(anonymous_2)
FN:35,(anonymous_3)
FNF:4
FNH:0
FNDA:0,(anonymous_0)
FNDA:0,(anonymous_1)
FNDA:0,(anonymous_2)
FNDA:0,(anonymous_3)
DA:1,0
DA:5,0
DA:6,0
DA:7,0
DA:8,0
DA:9,0
DA:10,0
DA:11,0
DA:12,0
DA:13,0
DA:17,0
DA:23,0
DA:27,0
DA:32,0
DA:36,0
DA:43,0
DA:47,0
LF:17
LH:0
BRDA:32,0,0,0
BRDA:32,0,1,0
BRF:2
BRH:0
end_of_record
TN:
SF:src/models/Organization.js
FN:4,(anonymous_0)
FN:12,(anonymous_1)
FN:22,(anonymous_2)
FN:31,(anonymous_3)
FN:40,(anonymous_4)
FN:43,(anonymous_5)
FN:56,(anonymous_6)
FN:61,(anonymous_7)
FNF:8
FNH:0
FNDA:0,(anonymous_0)
FNDA:0,(anonymous_1)
FNDA:0,(anonymous_2)
FNDA:0,(anonymous_3)
FNDA:0,(anonymous_4)
FNDA:0,(anonymous_5)
FNDA:0,(anonymous_6)
FNDA:0,(anonymous_7)
DA:1,0
DA:5,0
DA:6,0
DA:7,0
DA:8,0
DA:9,0
DA:13,0
DA:19,0
DA:23,0
DA:28,0
DA:32,0
DA:40,0
DA:44,0
DA:53,0
DA:57,0
DA:58,0
DA:62,0
DA:72,0
LF:18
LH:0
BRDA:28,0,0,0
BRDA:28,0,1,0
BRF:2
BRH:0
end_of_record
TN:
SF:src/models/OrganizationUser.js
FN:4,(anonymous_0)
FN:12,(anonymous_1)
FN:24,(anonymous_2)
FNF:3
FNH:0
FNDA:0,(anonymous_0)
FNDA:0,(anonymous_1)
FNDA:0,(anonymous_2)
DA:1,0
DA:5,0
DA:6,0
DA:7,0
DA:8,0
DA:9,0
DA:13,0
DA:21,0
DA:25,0
DA:30,0
DA:34,0
LF:11
LH:0
BRDA:12,0,0,0
BRF:1
BRH:0
end_of_record
TN:
SF:src/models/Task.js
FN:4,(anonymous_0)
FN:20,(anonymous_1)
FN:42,(anonymous_2)
FN:51,(anonymous_3)
FN:90,(anonymous_4)
FN:93,(anonymous_5)
FN:102,(anonymous_6)
FN:151,(anonymous_7)
FN:157,(anonymous_8)
FNF:9
FNH:0
FNDA:0,(anonymous_0)
FNDA:0,(anonymous_1)
FNDA:0,(anonymous_2)
FNDA:0,(anonymous_3)
FNDA:0,(anonymous_4)
FNDA:0,(anonymous_5)
FNDA:0,(anonymous_6)
FNDA:0,(anonymous_7)
FNDA:0,(anonymous_8)
DA:1,2
DA:5,0
DA:6,0
DA:7,0
DA:8,0
DA:9,0
DA:10,0
DA:11,0
DA:12,0
DA:13,0
DA:14,0
DA:15,0
DA:16,0
DA:17,0
DA:31,0
DA:36,0
DA:38,0
DA:39,0
DA:43,0
DA:47,0
DA:48,0
DA:52,0
DA:56,0
DA:57,0
DA:59,0
DA:60,0
DA:61,0
DA:62,0
DA:65,0
DA:66,0
DA:67,0
DA:68,0
DA:71,0
DA:72,0
DA:73,0
DA:74,0
DA:78,0
DA:89,0
DA:90,0
DA:94,0
DA:98,0
DA:99,0
DA:114,0
DA:115,0
DA:116,0
DA:117,0
DA:118,0
DA:121,0
DA:136,0
DA:147,0
DA:148,0
DA:152,0
DA:153,0
DA:154,0
DA:158,0
DA:176,2
LF:56
LH:2
BRDA:24,0,0,0
BRDA:25,1,0,0
BRDA:36,2,0,0
BRDA:36,2,1,0
BRDA:36,3,0,0
BRDA:36,3,1,0
BRDA:36,4,0,0
BRDA:36,4,1,0
BRDA:36,5,0,0
BRDA:36,5,1,0
BRDA:48,6,0,0
BRDA:48,6,1,0
BRDA:51,7,0,0
BRDA:59,8,0,0
BRDA:59,8,1,0
BRDA:65,9,0,0
BRDA:65,9,1,0
BRDA:71,10,0,0
BRDA:71,10,1,0
BRDA:99,11,0,0
BRDA:99,11,1,0
BRDA:115,12,0,0
BRDA:115,12,1,0
BRDA:115,13,0,0
BRDA:115,13,1,0
BRDA:117,14,0,0
BRDA:117,14,1,0
BRDA:117,15,0,0
BRDA:117,15,1,0
BRDA:141,16,0,0
BRDA:141,16,1,0
BRDA:142,17,0,0
BRDA:142,17,1,0
BRDA:143,18,0,0
BRDA:143,18,1,0
BRDA:144,19,0,0
BRDA:144,19,1,0
BRF:37
BRH:0
end_of_record
TN:
SF:src/models/Team.js
FN:4,(anonymous_0)
FN:13,(anonymous_1)
FN:23,(anonymous_2)
FN:32,(anonymous_3)
FN:39,(anonymous_4)
FN:42,(anonymous_5)
FN:55,(anonymous_6)
FN:60,(anonymous_7)
FNF:8
FNH:0
FNDA:0,(anonymous_0)
FNDA:0,(anonymous_1)
FNDA:0,(anonymous_2)
FNDA:0,(anonymous_3)
FNDA:0,(anonymous_4)
FNDA:0,(anonymous_5)
FNDA:0,(anonymous_6)
FNDA:0,(anonymous_7)
DA:1,0
DA:5,0
DA:6,0
DA:7,0
DA:8,0
DA:9,0
DA:10,0
DA:14,0
DA:20,0
DA:24,0
DA:29,0
DA:33,0
DA:39,0
DA:43,0
DA:52,0
DA:56,0
DA:57,0
DA:61,0
DA:72,0
LF:19
LH:0
BRDA:29,0,0,0
BRDA:29,0,1,0
BRF:2
BRH:0
end_of_record
TN:
SF:src/models/User.js
FN:5,(anonymous_0)
FN:15,(anonymous_1)
FN:28,(anonymous_2)
FN:37,(anonymous_3)
FN:46,(anonymous_4)
FN:52,(anonymous_5)
FN:66,(anonymous_6)
FNF:7
FNH:7
FNDA:8,(anonymous_0)
FNDA:2,(anonymous_1)
FNDA:2,(anonymous_2)
FNDA:1,(anonymous_3)
FNDA:2,(anonymous_4)
FNDA:1,(anonymous_5)
FNDA:1,(anonymous_6)
DA:1,2
DA:2,2
DA:6,8
DA:7,8
DA:8,8
DA:9,8
DA:10,8
DA:11,8
DA:12,8
DA:16,2
DA:17,2
DA:22,2
DA:24,2
DA:25,1
DA:29,2
DA:33,2
DA:34,2
DA:38,1
DA:42,1
DA:43,1
DA:47,2
DA:48,2
DA:49,2
DA:53,1
DA:61,1
DA:62,1
DA:63,1
DA:67,1
DA:79,2
LF:29
LH:29
BRDA:10,0,0,8
BRDA:10,0,1,7
BRDA:15,1,0,2
BRDA:34,2,0,1
BRDA:34,2,1,1
BRDA:43,3,0,1
BRDA:43,3,1,0
BRF:7
BRH:6
end_of_record
TN:
SF:src/prompts/systemPrompts.js
FN:78,getSystemPrompt
FN:88,buildContextualPrompt
FN:93,(anonymous_2)
FNF:3
FNH:0
FNDA:0,getSystemPrompt
FNDA:0,buildContextualPrompt
FNDA:0,(anonymous_2)
DA:6,0
DA:79,0
DA:89,0
DA:92,0
DA:93,0
DA:96,0
DA:97,0
DA:100,0
DA:101,0
DA:104,0
DA:107,0
LF:11
LH:0
BRDA:78,0,0,0
BRDA:79,1,0,0
BRDA:79,1,1,0
BRDA:88,2,0,0
BRDA:88,3,0,0
BRDA:92,4,0,0
BRDA:92,4,1,0
BRDA:92,5,0,0
BRDA:92,5,1,0
BRDA:96,6,0,0
BRDA:96,6,1,0
BRDA:96,7,0,0
BRDA:96,7,1,0
BRDA:100,8,0,0
BRDA:100,8,1,0
BRDA:100,9,0,0
BRDA:100,9,1,0
BRF:17
BRH:0
end_of_record
TN:
SF:src/services/openaiService.js
FN:5,(anonymous_0)
FN:23,(anonymous_1)
FN:33,(anonymous_2)
FN:109,(anonymous_3)
FN:120,(anonymous_4)
FN:148,(anonymous_5)
FNF:6
FNH:1
FNDA:4,(anonymous_0)
FNDA:0,(anonymous_1)
FNDA:0,(anonymous_2)
FNDA:0,(anonymous_3)
FNDA:0,(anonymous_4)
FNDA:0,(anonymous_5)
DA:1,4
DA:2,4
DA:6,4
DA:7,4
DA:8,4
DA:9,4
DA:11,0
DA:14,0
DA:15,0
DA:16,0
DA:24,0
DA:34,0
DA:35,0
DA:45,0
DA:47,0
DA:48,0
DA:55,0
DA:56,0
DA:57,0
DA:60,0
DA:62,0
DA:68,0
DA:70,0
DA:84,0
DA:85,0
DA:86,0
DA:88,0
DA:89,0
DA:90,0
DA:91,0
DA:92,0
DA:93,0
DA:94,0
DA:95,0
DA:97,0
DA:100,0
DA:111,0
DA:121,0
DA:122,0
DA:125,0
DA:126,0
DA:127,0
DA:131,0
DA:132,0
DA:133,0
DA:135,0
DA:139,0
DA:149,0
DA:150,0
DA:153,0
DA:154,0
DA:159,0
DA:161,0
DA:162,0
DA:164,0
DA:170,4
LF:56
LH:7
BRDA:6,0,0,4
BRDA:6,0,1,0
BRDA:15,1,0,0
BRDA:15,1,1,0
BRDA:16,2,0,0
BRDA:16,2,1,0
BRDA:24,3,0,0
BRDA:24,3,1,0
BRDA:33,4,0,0
BRDA:34,5,0,0
BRDA:34,5,1,0
BRDA:39,6,0,0
BRDA:40,7,0,0
BRDA:41,8,0,0
BRDA:42,9,0,0
BRDA:43,10,0,0
BRDA:44,11,0,0
BRDA:55,12,0,0
BRDA:55,12,1,0
BRDA:57,13,0,0
BRDA:57,13,1,0
BRDA:60,14,0,0
BRDA:60,14,1,0
BRDA:80,15,0,0
BRDA:80,15,1,0
BRDA:84,16,0,0
BRDA:84,16,1,0
BRDA:88,17,0,0
BRDA:88,17,1,0
BRDA:90,18,0,0
BRDA:90,18,1,0
BRDA:92,19,0,0
BRDA:92,19,1,0
BRDA:94,20,0,0
BRDA:94,20,1,0
BRDA:97,21,0,0
BRDA:97,21,1,0
BRDA:128,22,0,0
BRDA:128,22,1,0
BRDA:128,23,0,0
BRDA:128,23,1,0
BRDA:131,24,0,0
BRDA:131,24,1,0
BRDA:148,25,0,0
BRDA:149,26,0,0
BRDA:149,26,1,0
BRDA:161,27,0,0
BRDA:161,27,1,0
BRDA:162,28,0,0
BRDA:162,28,1,0
BRF:50
BRH:1
end_of_record
TN:
SF:src/services/ai/conversationManager.js
FN:13,(anonymous_0)
FN:42,(anonymous_1)
FN:44,(anonymous_2)
FN:56,(anonymous_3)
FN:83,(anonymous_4)
FN:99,(anonymous_5)
FN:174,(anonymous_6)
FN:184,(anonymous_7)
FNF:8
FNH:0
FNDA:0,(anonymous_0)
FNDA:0,(anonymous_1)
FNDA:0,(anonymous_2)
FNDA:0,(anonymous_3)
FNDA:0,(anonymous_4)
FNDA:0,(anonymous_5)
FNDA:0,(anonymous_6)
FNDA:0,(anonymous_7)
DA:1,0
DA:2,0
DA:3,0
DA:4,0
DA:14,0
DA:15,0
DA:16,0
DA:17,0
DA:22,0
DA:24,0
DA:26,0
DA:33,0
DA:43,0
DA:44,0
DA:57,0
DA:66,0
DA:67,0
DA:68,0
DA:71,0
DA:85,0
DA:88,0
DA:91,0
DA:92,0
DA:98,0
DA:99,0
DA:102,0
DA:103,0
DA:104,0
DA:107,0
DA:113,0
DA:114,0
DA:124,0
DA:126,0
DA:127,0
DA:134,0
DA:135,0
DA:138,0
DA:151,0
DA:158,0
DA:161,0
DA:175,0
DA:185,0
DA:186,0
DA:187,0
DA:189,0
DA:193,0
LF:46
LH:0
BRDA:13,0,0,0
BRDA:14,1,0,0
BRDA:14,1,1,0
BRDA:16,2,0,0
BRDA:16,2,1,0
BRDA:16,3,0,0
BRDA:16,3,1,0
BRDA:24,4,0,0
BRDA:24,4,1,0
BRDA:42,5,0,0
BRDA:56,6,0,0
BRDA:56,7,0,0
BRDA:67,8,0,0
BRDA:67,8,1,0
BRDA:83,9,0,0
BRDA:83,10,0,0
BRDA:83,11,0,0
BRDA:91,12,0,0
BRDA:91,12,1,0
BRDA:102,13,0,0
BRDA:102,13,1,0
BRDA:118,14,0,0
BRDA:118,14,1,0
BRDA:128,15,0,0
BRDA:128,15,1,0
BRDA:128,15,2,0
BRDA:129,16,0,0
BRDA:129,16,1,0
BRDA:130,17,0,0
BRDA:130,17,1,0
BRDA:174,18,0,0
BRDA:186,19,0,0
BRDA:186,19,1,0
BRDA:186,20,0,0
BRDA:186,20,1,0
BRF:35
BRH:0
end_of_record
TN:
SF:src/services/ai/intentRouter.js
FN:40,classifyIntent
FN:125,fallbackIntentClassification
FNF:2
FNH:2
FNDA:10,classifyIntent
FNDA:6,fallbackIntentClassification
DA:6,1
DA:8,1
DA:21,1
DA:41,10
DA:43,4
DA:46,6
DA:77,6
DA:82,6
DA:83,6
DA:90,5
DA:94,5
DA:95,5
DA:96,4
DA:99,1
DA:103,4
DA:104,1
DA:107,4
DA:114,1
DA:116,1
DA:126,6
DA:129,6
DA:133,3
DA:141,3
DA:145,1
DA:153,2
DA:157,0
DA:164,2
DA:168,1
DA:176,1
DA:183,1
LF:30
LH:29
BRDA:40,0,0,10
BRDA:41,1,0,4
BRDA:41,1,1,6
BRDA:95,2,0,4
BRDA:95,2,1,1
BRDA:103,3,0,1
BRDA:103,3,1,3
BRDA:109,4,0,4
BRDA:109,4,1,0
BRDA:110,5,0,4
BRDA:110,5,1,0
BRDA:129,6,0,3
BRDA:129,6,1,3
BRDA:130,7,0,6
BRDA:130,7,1,3
BRDA:141,8,0,1
BRDA:141,8,1,2
BRDA:142,9,0,3
BRDA:142,9,1,2
BRDA:153,10,0,0
BRDA:153,10,1,2
BRDA:154,11,0,2
BRDA:154,11,1,2
BRDA:164,12,0,1
BRDA:164,12,1,1
BRDA:165,13,0,2
BRDA:165,13,1,1
BRF:27
BRH:24
end_of_record
TN:
SF:src/services/ai/nlpEventService.js
FN:16,extractEventDetails
FN:18,(anonymous_1)
FN:94,parseEventDates
FN:156,createEventFromNL
FN:174,(anonymous_4)
FNF:5
FNH:5
FNDA:9,extractEventDetails
FNDA:5,(anonymous_1)
FNDA:12,parseEventDates
FNDA:6,createEventFromNL
FNDA:3,(anonymous_4)
DA:5,1
DA:6,1
DA:7,1
DA:8,1
DA:17,9
DA:18,9
DA:20,9
DA:54,9
DA:59,9
DA:60,9
DA:67,9
DA:68,9
DA:69,9
DA:70,0
DA:73,9
DA:76,9
DA:78,9
DA:83,0
DA:84,0
DA:95,12
DA:99,12
DA:101,3
DA:102,9
DA:104,7
DA:105,7
DA:107,2
DA:112,12
DA:114,2
DA:115,10
DA:117,4
DA:118,4
DA:119,4
DA:120,4
DA:121,4
DA:122,4
DA:124,0
DA:127,0
DA:129,6
DA:131,0
DA:132,0
DA:135,6
DA:139,12
DA:140,1
DA:143,12
DA:157,6
DA:159,6
DA:162,6
DA:163,1
DA:171,5
DA:172,5
DA:173,4
DA:174,4
DA:175,4
DA:176,3
DA:178,1
DA:187,4
DA:188,4
DA:189,1
DA:197,3
DA:209,2
DA:216,1
DA:217,1
DA:225,1
LF:63
LH:56
BRDA:16,0,0,0
BRDA:17,1,0,9
BRDA:17,1,1,0
BRDA:23,2,0,9
BRDA:23,2,1,4
BRDA:69,3,0,0
BRDA:69,3,1,9
BRDA:99,4,0,3
BRDA:99,4,1,9
BRDA:99,5,0,12
BRDA:99,5,1,10
BRDA:102,6,0,7
BRDA:102,6,1,2
BRDA:105,7,0,7
BRDA:105,7,1,0
BRDA:112,8,0,2
BRDA:112,8,1,10
BRDA:112,9,0,12
BRDA:112,9,1,6
BRDA:115,10,0,4
BRDA:115,10,1,6
BRDA:115,11,0,10
BRDA:115,11,1,4
BRDA:118,12,0,4
BRDA:118,12,1,0
BRDA:121,13,0,4
BRDA:121,13,1,0
BRDA:121,14,0,4
BRDA:121,14,1,0
BRDA:121,14,2,0
BRDA:129,15,0,0
BRDA:129,15,1,6
BRDA:132,16,0,0
BRDA:132,16,1,0
BRDA:139,17,0,1
BRDA:139,17,1,11
BRDA:156,18,0,0
BRDA:162,19,0,1
BRDA:162,19,1,5
BRDA:162,20,0,6
BRDA:162,20,1,5
BRDA:165,21,0,1
BRDA:165,21,1,0
BRDA:172,22,0,4
BRDA:172,22,1,1
BRDA:174,23,0,4
BRDA:174,23,1,1
BRDA:175,24,0,3
BRDA:175,24,1,1
BRDA:188,25,0,1
BRDA:188,25,1,3
BRDA:188,26,0,4
BRDA:188,26,1,3
BRDA:200,27,0,3
BRDA:200,27,1,3
BRDA:203,28,0,3
BRDA:203,28,1,3
BRDA:204,29,0,3
BRDA:204,29,1,3
BRDA:205,30,0,3
BRDA:205,30,1,3
BRF:61
BRH:48
end_of_record
TN:
SF:src/services/ai/nlpTaskService.js
FN:22,inferPriority
FN:28,(anonymous_1)
FN:42,extractTaskDetails
FN:44,(anonymous_3)
FN:146,createTaskFromNL
FNF:5
FNH:5
FNDA:19,inferPriority
FNDA:197,(anonymous_1)
FNDA:11,extractTaskDetails
FNDA:1,(anonymous_3)
FNDA:6,createTaskFromNL
DA:5,1
DA:6,1
DA:7,1
DA:8,1
DA:10,1
DA:23,19
DA:25,17
DA:27,17
DA:28,197
DA:29,9
DA:33,8
DA:43,11
DA:44,11
DA:46,11
DA:81,11
DA:86,11
DA:87,11
DA:94,11
DA:95,11
DA:96,11
DA:97,0
DA:100,11
DA:103,11
DA:104,11
DA:105,3
DA:107,1
DA:110,2
DA:111,2
DA:112,2
DA:118,11
DA:119,11
DA:120,9
DA:124,11
DA:125,11
DA:126,10
DA:129,11
DA:134,0
DA:135,0
DA:147,6
DA:149,6
DA:152,6
DA:153,1
DA:161,5
DA:162,5
DA:163,2
DA:164,2
DA:165,1
DA:170,5
DA:182,4
DA:183,4
DA:184,0
DA:186,4
DA:187,4
DA:189,4
DA:191,4
DA:198,1
DA:199,1
DA:207,1
LF:58
LH:54
BRDA:23,0,0,2
BRDA:23,0,1,17
BRDA:28,1,0,9
BRDA:28,1,1,40
BRDA:42,2,0,0
BRDA:43,3,0,11
BRDA:43,3,1,0
BRDA:49,4,0,11
BRDA:49,4,1,10
BRDA:96,5,0,0
BRDA:96,5,1,11
BRDA:104,6,0,3
BRDA:104,6,1,8
BRDA:104,7,0,11
BRDA:104,7,1,3
BRDA:105,8,0,1
BRDA:105,8,1,2
BRDA:111,9,0,2
BRDA:111,9,1,0
BRDA:119,10,0,9
BRDA:119,10,1,2
BRDA:125,11,0,10
BRDA:125,11,1,1
BRDA:146,12,0,0
BRDA:152,13,0,1
BRDA:152,13,1,5
BRDA:152,14,0,6
BRDA:152,14,1,5
BRDA:155,15,0,1
BRDA:155,15,1,0
BRDA:161,16,0,5
BRDA:161,16,1,3
BRDA:162,17,0,2
BRDA:162,17,1,3
BRDA:164,18,0,1
BRDA:164,18,1,1
BRDA:164,19,0,2
BRDA:164,19,1,1
BRDA:173,20,0,5
BRDA:173,20,1,5
BRDA:174,21,0,5
BRDA:174,21,1,0
BRDA:175,22,0,5
BRDA:175,22,1,0
BRDA:176,23,0,5
BRDA:176,23,1,4
BRDA:183,24,0,0
BRDA:183,24,1,4
BRDA:186,25,0,4
BRDA:186,25,1,0
BRF:50
BRH:40
end_of_record
TN:
SF:src/services/ai/queryProcessor.js
FN:16,processQuery
FN:29,(anonymous_1)
FN:38,(anonymous_2)
FN:49,(anonymous_3)
FN:57,(anonymous_4)
FN:116,extractDateRange
FNF:6
FNH:6
FNDA:8,processQuery
FNDA:3,(anonymous_1)
FNDA:2,(anonymous_2)
FNDA:21,(anonymous_3)
FNDA:2,(anonymous_4)
FNDA:15,extractDateRange
DA:5,1
DA:6,1
DA:7,1
DA:8,1
DA:17,8
DA:18,8
DA:21,8
DA:24,8
DA:25,8
DA:28,8
DA:29,4
DA:30,3
DA:31,3
DA:33,3
DA:34,0
DA:35,0
DA:38,4
DA:39,2
DA:40,2
DA:42,2
DA:43,0
DA:44,0
DA:49,21
DA:57,8
DA:64,8
DA:81,8
DA:86,8
DA:87,8
DA:93,7
DA:100,1
DA:101,1
DA:117,15
DA:118,15
DA:121,15
DA:124,15
DA:125,1
DA:126,1
DA:127,1
DA:128,1
DA:131,14
DA:132,5
DA:133,5
DA:134,5
DA:135,5
DA:136,5
DA:139,9
DA:140,1
DA:141,1
DA:142,1
DA:143,1
DA:144,1
DA:145,1
DA:146,1
DA:147,1
DA:150,8
DA:151,1
DA:152,1
DA:153,1
DA:154,1
DA:155,1
DA:156,1
DA:157,1
DA:158,1
DA:161,7
DA:162,1
DA:163,1
DA:166,6
DA:167,1
DA:168,1
DA:172,5
DA:173,5
DA:174,0
DA:175,0
DA:176,0
DA:177,0
DA:180,0
DA:181,0
DA:186,15
DA:189,1
LF:79
LH:69
BRDA:16,0,0,0
BRDA:17,1,0,0
BRDA:17,2,0,0
BRDA:17,3,0,0
BRDA:28,4,0,4
BRDA:28,4,1,4
BRDA:28,5,0,8
BRDA:28,5,1,4
BRDA:33,6,0,3
BRDA:33,6,1,0
BRDA:33,7,0,3
BRDA:33,7,1,3
BRDA:34,8,0,0
BRDA:34,8,1,0
BRDA:34,9,0,0
BRDA:34,9,1,0
BRDA:39,10,0,0
BRDA:39,10,1,2
BRDA:42,11,0,2
BRDA:42,11,1,0
BRDA:42,12,0,2
BRDA:42,12,1,2
BRDA:43,13,0,0
BRDA:43,13,1,0
BRDA:43,14,0,0
BRDA:43,14,1,0
BRDA:53,15,0,21
BRDA:53,15,1,21
BRDA:54,16,0,21
BRDA:54,16,1,21
BRDA:61,17,0,2
BRDA:61,17,1,1
BRDA:67,18,0,2
BRDA:67,18,1,6
BRDA:70,19,0,2
BRDA:70,19,1,6
BRDA:116,20,0,0
BRDA:124,21,0,1
BRDA:124,21,1,14
BRDA:131,22,0,5
BRDA:131,22,1,9
BRDA:139,23,0,1
BRDA:139,23,1,8
BRDA:142,24,0,0
BRDA:142,24,1,1
BRDA:150,25,0,1
BRDA:150,25,1,7
BRDA:153,26,0,0
BRDA:153,26,1,1
BRDA:161,27,0,1
BRDA:161,27,1,6
BRDA:166,28,0,1
BRDA:166,28,1,5
BRDA:173,29,0,0
BRDA:173,29,1,5
BRDA:173,30,0,5
BRDA:173,30,1,5
BRDA:176,31,0,0
BRDA:176,31,1,0
BRF:59
BRH:38
end_of_record
TN:
SF:src/services/ai/schedulingService.js
FN:16,detectConflicts
FN:25,(anonymous_1)
FN:29,(anonymous_2)
FN:42,(anonymous_3)
FN:62,findAvailableSlots
FN:77,(anonymous_5)
FN:94,(anonymous_6)
FN:97,(anonymous_7)
FN:110,(anonymous_8)
FN:145,suggestMeetingTime
FN:170,(anonymous_10)
FN:193,(anonymous_11)
FNF:12
FNH:10
FNDA:5,detectConflicts
FNDA:1,(anonymous_1)
FNDA:3,(anonymous_2)
FNDA:1,(anonymous_3)
FNDA:13,findAvailableSlots
FNDA:1,(anonymous_5)
FNDA:0,(anonymous_6)
FNDA:361,(anonymous_7)
FNDA:0,(anonymous_8)
FNDA:8,suggestMeetingTime
FNDA:4,(anonymous_10)
FNDA:4,(anonymous_11)
DA:5,1
DA:6,1
DA:17,5
DA:18,5
DA:21,5
DA:24,5
DA:25,1
DA:29,5
DA:30,3
DA:31,3
DA:34,3
DA:40,5
DA:42,1
DA:69,13
DA:70,13
DA:73,13
DA:76,13
DA:77,13
DA:78,1
DA:79,1
DA:80,1
DA:82,1
DA:85,13
DA:86,13
DA:89,13
DA:90,71
DA:91,71
DA:94,71
DA:97,71
DA:98,361
DA:99,361
DA:101,361
DA:102,361
DA:105,361
DA:106,47
DA:110,314
DA:111,0
DA:112,0
DA:113,0
DA:119,314
DA:120,314
DA:130,71
DA:131,71
DA:134,13
DA:146,8
DA:147,8
DA:148,8
DA:151,8
DA:152,1
DA:153,1
DA:154,1
DA:155,1
DA:160,8
DA:166,8
DA:168,8
DA:169,4
DA:170,4
DA:171,4
DA:174,4
DA:175,2
DA:179,2
DA:180,2
DA:181,1
DA:182,1
DA:183,1
DA:185,1
DA:186,1
DA:193,4
DA:195,4
DA:196,1
DA:200,8
DA:208,8
DA:218,1
LF:73
LH:70
BRDA:16,0,0,4
BRDA:24,1,0,1
BRDA:24,1,1,4
BRDA:35,2,0,3
BRDA:35,2,1,2
BRDA:35,2,2,2
BRDA:35,2,3,1
BRDA:66,3,0,0
BRDA:67,4,0,0
BRDA:79,5,0,1
BRDA:79,5,1,0
BRDA:91,6,0,71
BRDA:91,6,1,69
BRDA:105,7,0,47
BRDA:105,7,1,314
BRDA:114,8,0,0
BRDA:114,8,1,0
BRDA:114,8,2,0
BRDA:114,8,3,0
BRDA:119,9,0,314
BRDA:119,9,1,0
BRDA:145,10,0,1
BRDA:145,11,0,1
BRDA:145,12,0,1
BRDA:151,13,0,1
BRDA:151,13,1,7
BRDA:153,14,0,1
BRDA:153,14,1,0
BRDA:168,15,0,4
BRDA:168,15,1,4
BRDA:174,16,0,2
BRDA:174,16,1,2
BRDA:180,17,0,1
BRDA:180,17,1,1
BRDA:182,18,0,1
BRDA:182,18,1,0
BRDA:182,19,0,1
BRDA:182,19,1,1
BRDA:185,20,0,1
BRDA:185,20,1,0
BRDA:185,21,0,1
BRDA:185,21,1,1
BRDA:195,22,0,1
BRDA:195,22,1,3
BRF:44
BRH:33
end_of_record
TN:
SF:src/utils/jwt.js
FN:3,(anonymous_0)
FN:21,(anonymous_1)
FN:29,(anonymous_2)
FNF:3
FNH:0
FNDA:0,(anonymous_0)
FNDA:0,(anonymous_1)
FNDA:0,(anonymous_2)
DA:1,1
DA:3,1
DA:4,0
DA:10,0
DA:14,0
DA:18,0
DA:21,1
DA:22,0
DA:23,0
DA:25,0
DA:29,1
DA:30,0
DA:31,0
DA:33,0
DA:37,1
LF:15
LH:5
BRDA:11,0,0,0
BRDA:11,0,1,0
BRDA:15,1,0,0
BRDA:15,1,1,0
BRF:4
BRH:0
end_of_record
